Analysis & Synthesis report for TinyCore8
Wed Nov 19 12:12:06 2025
Quartus Prime Version 18.1.0 Build 625 09/12/2018 SJ Lite Edition


---------------------
; Table of Contents ;
---------------------
  1. Legal Notice
  2. Analysis & Synthesis Summary
  3. Analysis & Synthesis Settings
  4. Parallel Compilation
  5. Analysis & Synthesis Source Files Read
  6. Analysis & Synthesis Resource Usage Summary
  7. Analysis & Synthesis Resource Utilization by Entity
  8. Analysis & Synthesis RAM Summary
  9. Analysis & Synthesis DSP Block Usage Summary
 10. Analysis & Synthesis IP Cores Summary
 11. State Machine - |TinyCore8|ControlUnit:inst1|state
 12. Registers Removed During Synthesis
 13. General Register Statistics
 14. Multiplexer Restructuring Statistics (Restructuring Performed)
 15. Source assignments for ProgramROM:inst2|altsyncram:altsyncram_component|altsyncram_2ng1:auto_generated
 16. Source assignments for ValuesRAM:inst|altsyncram:altsyncram_component|altsyncram_vqo1:auto_generated
 17. Parameter Settings for User Entity Instance: ProgramROM:inst2|altsyncram:altsyncram_component
 18. Parameter Settings for User Entity Instance: ValuesRAM:inst|altsyncram:altsyncram_component
 19. Parameter Settings for Inferred Entity Instance: Datapath:datapathInst|ArithmeticLogicUnit:aluInst|lpm_divide:Div0
 20. altsyncram Parameter Settings by Entity Instance
 21. Port Connectivity Checks: "Datapath:datapathInst|ArithmeticLogicUnit:aluInst"
 22. Post-Synthesis Netlist Statistics for Top Partition
 23. Elapsed Time Per Partition
 24. Analysis & Synthesis Messages



----------------
; Legal Notice ;
----------------
Copyright (C) 2018  Intel Corporation. All rights reserved.
Your use of Intel Corporation's design tools, logic functions 
and other software and tools, and its AMPP partner logic 
functions, and any output files from any of the foregoing 
(including device programming or simulation files), and any 
associated documentation or information are expressly subject 
to the terms and conditions of the Intel Program License 
Subscription Agreement, the Intel Quartus Prime License Agreement,
the Intel FPGA IP License Agreement, or other applicable license
agreement, including, without limitation, that your use is for
the sole purpose of programming logic devices manufactured by
Intel and sold by Intel or its authorized distributors.  Please
refer to the applicable agreement for further details.



+-------------------------------------------------------------------------------+
; Analysis & Synthesis Summary                                                  ;
+---------------------------------+---------------------------------------------+
; Analysis & Synthesis Status     ; Successful - Wed Nov 19 12:12:05 2025       ;
; Quartus Prime Version           ; 18.1.0 Build 625 09/12/2018 SJ Lite Edition ;
; Revision Name                   ; TinyCore8                                   ;
; Top-level Entity Name           ; TinyCore8                                   ;
; Family                          ; Cyclone V                                   ;
; Logic utilization (in ALMs)     ; N/A                                         ;
; Total registers                 ; 42                                          ;
; Total pins                      ; 18                                          ;
; Total virtual pins              ; 0                                           ;
; Total block memory bits         ; 5,120                                       ;
; Total DSP Blocks                ; 1                                           ;
; Total HSSI RX PCSs              ; 0                                           ;
; Total HSSI PMA RX Deserializers ; 0                                           ;
; Total HSSI TX PCSs              ; 0                                           ;
; Total HSSI PMA TX Serializers   ; 0                                           ;
; Total PLLs                      ; 0                                           ;
; Total DLLs                      ; 0                                           ;
+---------------------------------+---------------------------------------------+


+---------------------------------------------------------------------------------------------------------------------------+
; Analysis & Synthesis Settings                                                                                             ;
+---------------------------------------------------------------------------------+--------------------+--------------------+
; Option                                                                          ; Setting            ; Default Value      ;
+---------------------------------------------------------------------------------+--------------------+--------------------+
; Device                                                                          ; 5CEBA4F23C7        ;                    ;
; Top-level entity name                                                           ; TinyCore8          ; TinyCore8          ;
; Family name                                                                     ; Cyclone V          ; Cyclone V          ;
; Use smart compilation                                                           ; Off                ; Off                ;
; Enable parallel Assembler and Timing Analyzer during compilation                ; On                 ; On                 ;
; Enable compact report table                                                     ; Off                ; Off                ;
; Restructure Multiplexers                                                        ; Auto               ; Auto               ;
; MLAB Add Timing Constraints For Mixed-Port Feed-Through Mode Setting Don't Care ; Off                ; Off                ;
; Create Debugging Nodes for IP Cores                                             ; Off                ; Off                ;
; Preserve fewer node names                                                       ; On                 ; On                 ;
; Intel FPGA IP Evaluation Mode                                                   ; Enable             ; Enable             ;
; Verilog Version                                                                 ; Verilog_2001       ; Verilog_2001       ;
; VHDL Version                                                                    ; VHDL_1993          ; VHDL_1993          ;
; State Machine Processing                                                        ; Auto               ; Auto               ;
; Safe State Machine                                                              ; Off                ; Off                ;
; Extract Verilog State Machines                                                  ; On                 ; On                 ;
; Extract VHDL State Machines                                                     ; On                 ; On                 ;
; Ignore Verilog initial constructs                                               ; Off                ; Off                ;
; Iteration limit for constant Verilog loops                                      ; 5000               ; 5000               ;
; Iteration limit for non-constant Verilog loops                                  ; 250                ; 250                ;
; Add Pass-Through Logic to Inferred RAMs                                         ; On                 ; On                 ;
; Infer RAMs from Raw Logic                                                       ; On                 ; On                 ;
; Parallel Synthesis                                                              ; On                 ; On                 ;
; DSP Block Balancing                                                             ; Auto               ; Auto               ;
; NOT Gate Push-Back                                                              ; On                 ; On                 ;
; Power-Up Don't Care                                                             ; On                 ; On                 ;
; Remove Redundant Logic Cells                                                    ; Off                ; Off                ;
; Remove Duplicate Registers                                                      ; On                 ; On                 ;
; Ignore CARRY Buffers                                                            ; Off                ; Off                ;
; Ignore CASCADE Buffers                                                          ; Off                ; Off                ;
; Ignore GLOBAL Buffers                                                           ; Off                ; Off                ;
; Ignore ROW GLOBAL Buffers                                                       ; Off                ; Off                ;
; Ignore LCELL Buffers                                                            ; Off                ; Off                ;
; Ignore SOFT Buffers                                                             ; On                 ; On                 ;
; Limit AHDL Integers to 32 Bits                                                  ; Off                ; Off                ;
; Optimization Technique                                                          ; Balanced           ; Balanced           ;
; Carry Chain Length                                                              ; 70                 ; 70                 ;
; Auto Carry Chains                                                               ; On                 ; On                 ;
; Auto Open-Drain Pins                                                            ; On                 ; On                 ;
; Perform WYSIWYG Primitive Resynthesis                                           ; Off                ; Off                ;
; Auto ROM Replacement                                                            ; On                 ; On                 ;
; Auto RAM Replacement                                                            ; On                 ; On                 ;
; Auto DSP Block Replacement                                                      ; On                 ; On                 ;
; Auto Shift Register Replacement                                                 ; Auto               ; Auto               ;
; Allow Shift Register Merging across Hierarchies                                 ; Auto               ; Auto               ;
; Auto Clock Enable Replacement                                                   ; On                 ; On                 ;
; Strict RAM Replacement                                                          ; Off                ; Off                ;
; Allow Synchronous Control Signals                                               ; On                 ; On                 ;
; Force Use of Synchronous Clear Signals                                          ; Off                ; Off                ;
; Auto Resource Sharing                                                           ; Off                ; Off                ;
; Allow Any RAM Size For Recognition                                              ; Off                ; Off                ;
; Allow Any ROM Size For Recognition                                              ; Off                ; Off                ;
; Allow Any Shift Register Size For Recognition                                   ; Off                ; Off                ;
; Use LogicLock Constraints during Resource Balancing                             ; On                 ; On                 ;
; Ignore translate_off and synthesis_off directives                               ; Off                ; Off                ;
; Timing-Driven Synthesis                                                         ; On                 ; On                 ;
; Report Parameter Settings                                                       ; On                 ; On                 ;
; Report Source Assignments                                                       ; On                 ; On                 ;
; Report Connectivity Checks                                                      ; On                 ; On                 ;
; Ignore Maximum Fan-Out Assignments                                              ; Off                ; Off                ;
; Synchronization Register Chain Length                                           ; 3                  ; 3                  ;
; Power Optimization During Synthesis                                             ; Normal compilation ; Normal compilation ;
; HDL message level                                                               ; Level2             ; Level2             ;
; Suppress Register Optimization Related Messages                                 ; Off                ; Off                ;
; Number of Removed Registers Reported in Synthesis Report                        ; 5000               ; 5000               ;
; Number of Swept Nodes Reported in Synthesis Report                              ; 5000               ; 5000               ;
; Number of Inverted Registers Reported in Synthesis Report                       ; 100                ; 100                ;
; Clock MUX Protection                                                            ; On                 ; On                 ;
; Auto Gated Clock Conversion                                                     ; Off                ; Off                ;
; Block Design Naming                                                             ; Auto               ; Auto               ;
; SDC constraint protection                                                       ; Off                ; Off                ;
; Synthesis Effort                                                                ; Auto               ; Auto               ;
; Shift Register Replacement - Allow Asynchronous Clear Signal                    ; On                 ; On                 ;
; Pre-Mapping Resynthesis Optimization                                            ; Off                ; Off                ;
; Analysis & Synthesis Message Level                                              ; Medium             ; Medium             ;
; Disable Register Merging Across Hierarchies                                     ; Auto               ; Auto               ;
; Resource Aware Inference For Block RAM                                          ; On                 ; On                 ;
; Automatic Parallel Synthesis                                                    ; On                 ; On                 ;
; Partial Reconfiguration Bitstream ID                                            ; Off                ; Off                ;
+---------------------------------------------------------------------------------+--------------------+--------------------+


+------------------------------------------+
; Parallel Compilation                     ;
+----------------------------+-------------+
; Processors                 ; Number      ;
+----------------------------+-------------+
; Number detected on machine ; 16          ;
; Maximum allowed            ; 16          ;
;                            ;             ;
; Average used               ; 1.00        ;
; Maximum used               ; 16          ;
;                            ;             ;
; Usage by Processor         ; % Time Used ;
;     Processor 1            ; 100.0%      ;
;     Processors 2-16        ;   0.0%      ;
+----------------------------+-------------+


+-------------------------------------------------------------------------------------------------------------------------------------------------------------------------------------------------------------------+
; Analysis & Synthesis Source Files Read                                                                                                                                                                            ;
+----------------------------------+-----------------+----------------------------------------+-----------------------------------------------------------------------------------------------------------+---------+
; File Name with User-Entered Path ; Used in Netlist ; File Type                              ; File Name with Absolute Path                                                                              ; Library ;
+----------------------------------+-----------------+----------------------------------------+-----------------------------------------------------------------------------------------------------------+---------+
; RegisterBank.v                   ; yes             ; User Verilog HDL File                  ; C:/Users/david/Bancada/Processos Seletivos/cepedi/PROJETOS/PROJETO FINAL/TinyCore8/RegisterBank.v         ;         ;
; ProgramCounter.v                 ; yes             ; User Verilog HDL File                  ; C:/Users/david/Bancada/Processos Seletivos/cepedi/PROJETOS/PROJETO FINAL/TinyCore8/ProgramCounter.v       ;         ;
; Definitions.v                    ; yes             ; User Verilog HDL File                  ; C:/Users/david/Bancada/Processos Seletivos/cepedi/PROJETOS/PROJETO FINAL/TinyCore8/Definitions.v          ;         ;
; ArithmeticLogicUnit.v            ; yes             ; User Verilog HDL File                  ; C:/Users/david/Bancada/Processos Seletivos/cepedi/PROJETOS/PROJETO FINAL/TinyCore8/ArithmeticLogicUnit.v  ;         ;
; Datapath.v                       ; yes             ; User Verilog HDL File                  ; C:/Users/david/Bancada/Processos Seletivos/cepedi/PROJETOS/PROJETO FINAL/TinyCore8/Datapath.v             ;         ;
; ControlUnit.v                    ; yes             ; User Verilog HDL File                  ; C:/Users/david/Bancada/Processos Seletivos/cepedi/PROJETOS/PROJETO FINAL/TinyCore8/ControlUnit.v          ;         ;
; TinyCore8.bdf                    ; yes             ; User Block Diagram/Schematic File      ; C:/Users/david/Bancada/Processos Seletivos/cepedi/PROJETOS/PROJETO FINAL/TinyCore8/TinyCore8.bdf          ;         ;
; ValuesRAM.v                      ; yes             ; User Wizard-Generated File             ; C:/Users/david/Bancada/Processos Seletivos/cepedi/PROJETOS/PROJETO FINAL/TinyCore8/ValuesRAM.v            ;         ;
; ProgramROM.v                     ; yes             ; User Wizard-Generated File             ; C:/Users/david/Bancada/Processos Seletivos/cepedi/PROJETOS/PROJETO FINAL/TinyCore8/ProgramROM.v           ;         ;
; altsyncram.tdf                   ; yes             ; Megafunction                           ; c:/intelfpga_lite/18.1/quartus/libraries/megafunctions/altsyncram.tdf                                     ;         ;
; stratix_ram_block.inc            ; yes             ; Megafunction                           ; c:/intelfpga_lite/18.1/quartus/libraries/megafunctions/stratix_ram_block.inc                              ;         ;
; lpm_mux.inc                      ; yes             ; Megafunction                           ; c:/intelfpga_lite/18.1/quartus/libraries/megafunctions/lpm_mux.inc                                        ;         ;
; lpm_decode.inc                   ; yes             ; Megafunction                           ; c:/intelfpga_lite/18.1/quartus/libraries/megafunctions/lpm_decode.inc                                     ;         ;
; aglobal181.inc                   ; yes             ; Megafunction                           ; c:/intelfpga_lite/18.1/quartus/libraries/megafunctions/aglobal181.inc                                     ;         ;
; a_rdenreg.inc                    ; yes             ; Megafunction                           ; c:/intelfpga_lite/18.1/quartus/libraries/megafunctions/a_rdenreg.inc                                      ;         ;
; altrom.inc                       ; yes             ; Megafunction                           ; c:/intelfpga_lite/18.1/quartus/libraries/megafunctions/altrom.inc                                         ;         ;
; altram.inc                       ; yes             ; Megafunction                           ; c:/intelfpga_lite/18.1/quartus/libraries/megafunctions/altram.inc                                         ;         ;
; altdpram.inc                     ; yes             ; Megafunction                           ; c:/intelfpga_lite/18.1/quartus/libraries/megafunctions/altdpram.inc                                       ;         ;
; db/altsyncram_2ng1.tdf           ; yes             ; Auto-Generated Megafunction            ; C:/Users/david/Bancada/Processos Seletivos/cepedi/PROJETOS/PROJETO FINAL/TinyCore8/db/altsyncram_2ng1.tdf ;         ;
; programdata.mif                  ; yes             ; Auto-Found Memory Initialization File  ; C:/Users/david/Bancada/Processos Seletivos/cepedi/PROJETOS/PROJETO FINAL/TinyCore8/programdata.mif        ;         ;
; db/altsyncram_vqo1.tdf           ; yes             ; Auto-Generated Megafunction            ; C:/Users/david/Bancada/Processos Seletivos/cepedi/PROJETOS/PROJETO FINAL/TinyCore8/db/altsyncram_vqo1.tdf ;         ;
; valuesdata.mif                   ; yes             ; Auto-Found Memory Initialization File  ; C:/Users/david/Bancada/Processos Seletivos/cepedi/PROJETOS/PROJETO FINAL/TinyCore8/valuesdata.mif         ;         ;
; lpm_divide.tdf                   ; yes             ; Megafunction                           ; c:/intelfpga_lite/18.1/quartus/libraries/megafunctions/lpm_divide.tdf                                     ;         ;
; abs_divider.inc                  ; yes             ; Megafunction                           ; c:/intelfpga_lite/18.1/quartus/libraries/megafunctions/abs_divider.inc                                    ;         ;
; sign_div_unsign.inc              ; yes             ; Megafunction                           ; c:/intelfpga_lite/18.1/quartus/libraries/megafunctions/sign_div_unsign.inc                                ;         ;
; db/lpm_divide_1oo.tdf            ; yes             ; Auto-Generated Megafunction            ; C:/Users/david/Bancada/Processos Seletivos/cepedi/PROJETOS/PROJETO FINAL/TinyCore8/db/lpm_divide_1oo.tdf  ;         ;
; db/abs_divider_aag.tdf           ; yes             ; Auto-Generated Megafunction            ; C:/Users/david/Bancada/Processos Seletivos/cepedi/PROJETOS/PROJETO FINAL/TinyCore8/db/abs_divider_aag.tdf ;         ;
; db/alt_u_div_4te.tdf             ; yes             ; Auto-Generated Megafunction            ; C:/Users/david/Bancada/Processos Seletivos/cepedi/PROJETOS/PROJETO FINAL/TinyCore8/db/alt_u_div_4te.tdf   ;         ;
; db/lpm_abs_nn9.tdf               ; yes             ; Auto-Generated Megafunction            ; C:/Users/david/Bancada/Processos Seletivos/cepedi/PROJETOS/PROJETO FINAL/TinyCore8/db/lpm_abs_nn9.tdf     ;         ;
+----------------------------------+-----------------+----------------------------------------+-----------------------------------------------------------------------------------------------------------+---------+


+---------------------------------------------------------+
; Analysis & Synthesis Resource Usage Summary             ;
+---------------------------------------------+-----------+
; Resource                                    ; Usage     ;
+---------------------------------------------+-----------+
; Estimate of Logic utilization (ALMs needed) ; 144       ;
;                                             ;           ;
; Combinational ALUT usage for logic          ; 245       ;
;     -- 7 input functions                    ; 0         ;
;     -- 6 input functions                    ; 26        ;
;     -- 5 input functions                    ; 59        ;
;     -- 4 input functions                    ; 73        ;
;     -- <=3 input functions                  ; 87        ;
;                                             ;           ;
; Dedicated logic registers                   ; 42        ;
;                                             ;           ;
; I/O pins                                    ; 18        ;
; Total MLAB memory bits                      ; 0         ;
; Total block memory bits                     ; 5120      ;
;                                             ;           ;
; Total DSP Blocks                            ; 1         ;
;                                             ;           ;
; Maximum fan-out node                        ; CLK~input ;
; Maximum fan-out                             ; 62        ;
; Total fan-out                               ; 1416      ;
; Average fan-out                             ; 4.12      ;
+---------------------------------------------+-----------+


+-------------------------------------------------------------------------------------------------------------------------------------------------------------------------------------------------------------------------------------------------------------------------------------------------------------------------------------------------------+
; Analysis & Synthesis Resource Utilization by Entity                                                                                                                                                                                                                                                                                                   ;
+---------------------------------------------+---------------------+---------------------------+-------------------+------------+------+--------------+-----------------------------------------------------------------------------------------------------------------------------------------------------------+---------------------+--------------+
; Compilation Hierarchy Node                  ; Combinational ALUTs ; Dedicated Logic Registers ; Block Memory Bits ; DSP Blocks ; Pins ; Virtual Pins ; Full Hierarchy Name                                                                                                                                       ; Entity Name         ; Library Name ;
+---------------------------------------------+---------------------+---------------------------+-------------------+------------+------+--------------+-----------------------------------------------------------------------------------------------------------------------------------------------------------+---------------------+--------------+
; |TinyCore8                                  ; 245 (0)             ; 42 (0)                    ; 5120              ; 1          ; 18   ; 0            ; |TinyCore8                                                                                                                                                ; TinyCore8           ; work         ;
;    |ControlUnit:inst1|                      ; 32 (32)             ; 18 (18)                   ; 0                 ; 0          ; 0    ; 0            ; |TinyCore8|ControlUnit:inst1                                                                                                                              ; ControlUnit         ; work         ;
;    |Datapath:datapathInst|                  ; 213 (16)            ; 24 (0)                    ; 0                 ; 1          ; 0    ; 0            ; |TinyCore8|Datapath:datapathInst                                                                                                                          ; Datapath            ; work         ;
;       |ArithmeticLogicUnit:aluInst|         ; 185 (79)            ; 0 (0)                     ; 0                 ; 1          ; 0    ; 0            ; |TinyCore8|Datapath:datapathInst|ArithmeticLogicUnit:aluInst                                                                                              ; ArithmeticLogicUnit ; work         ;
;          |lpm_divide:Div0|                  ; 106 (0)             ; 0 (0)                     ; 0                 ; 0          ; 0    ; 0            ; |TinyCore8|Datapath:datapathInst|ArithmeticLogicUnit:aluInst|lpm_divide:Div0                                                                              ; lpm_divide          ; work         ;
;             |lpm_divide_1oo:auto_generated| ; 106 (0)             ; 0 (0)                     ; 0                 ; 0          ; 0    ; 0            ; |TinyCore8|Datapath:datapathInst|ArithmeticLogicUnit:aluInst|lpm_divide:Div0|lpm_divide_1oo:auto_generated                                                ; lpm_divide_1oo      ; work         ;
;                |abs_divider_aag:divider|    ; 106 (8)             ; 0 (0)                     ; 0                 ; 0          ; 0    ; 0            ; |TinyCore8|Datapath:datapathInst|ArithmeticLogicUnit:aluInst|lpm_divide:Div0|lpm_divide_1oo:auto_generated|abs_divider_aag:divider                        ; abs_divider_aag     ; work         ;
;                   |alt_u_div_4te:divider|   ; 82 (82)             ; 0 (0)                     ; 0                 ; 0          ; 0    ; 0            ; |TinyCore8|Datapath:datapathInst|ArithmeticLogicUnit:aluInst|lpm_divide:Div0|lpm_divide_1oo:auto_generated|abs_divider_aag:divider|alt_u_div_4te:divider  ; alt_u_div_4te       ; work         ;
;                   |lpm_abs_nn9:my_abs_den|  ; 8 (8)               ; 0 (0)                     ; 0                 ; 0          ; 0    ; 0            ; |TinyCore8|Datapath:datapathInst|ArithmeticLogicUnit:aluInst|lpm_divide:Div0|lpm_divide_1oo:auto_generated|abs_divider_aag:divider|lpm_abs_nn9:my_abs_den ; lpm_abs_nn9         ; work         ;
;                   |lpm_abs_nn9:my_abs_num|  ; 8 (8)               ; 0 (0)                     ; 0                 ; 0          ; 0    ; 0            ; |TinyCore8|Datapath:datapathInst|ArithmeticLogicUnit:aluInst|lpm_divide:Div0|lpm_divide_1oo:auto_generated|abs_divider_aag:divider|lpm_abs_nn9:my_abs_num ; lpm_abs_nn9         ; work         ;
;       |ProgramCounter:pcInst|               ; 11 (11)             ; 8 (8)                     ; 0                 ; 0          ; 0    ; 0            ; |TinyCore8|Datapath:datapathInst|ProgramCounter:pcInst                                                                                                    ; ProgramCounter      ; work         ;
;       |RegisterBank:regBankInst|            ; 1 (1)               ; 16 (16)                   ; 0                 ; 0          ; 0    ; 0            ; |TinyCore8|Datapath:datapathInst|RegisterBank:regBankInst                                                                                                 ; RegisterBank        ; work         ;
;    |ProgramROM:inst2|                       ; 0 (0)               ; 0 (0)                     ; 3072              ; 0          ; 0    ; 0            ; |TinyCore8|ProgramROM:inst2                                                                                                                               ; ProgramROM          ; work         ;
;       |altsyncram:altsyncram_component|     ; 0 (0)               ; 0 (0)                     ; 3072              ; 0          ; 0    ; 0            ; |TinyCore8|ProgramROM:inst2|altsyncram:altsyncram_component                                                                                               ; altsyncram          ; work         ;
;          |altsyncram_2ng1:auto_generated|   ; 0 (0)               ; 0 (0)                     ; 3072              ; 0          ; 0    ; 0            ; |TinyCore8|ProgramROM:inst2|altsyncram:altsyncram_component|altsyncram_2ng1:auto_generated                                                                ; altsyncram_2ng1     ; work         ;
;    |ValuesRAM:inst|                         ; 0 (0)               ; 0 (0)                     ; 2048              ; 0          ; 0    ; 0            ; |TinyCore8|ValuesRAM:inst                                                                                                                                 ; ValuesRAM           ; work         ;
;       |altsyncram:altsyncram_component|     ; 0 (0)               ; 0 (0)                     ; 2048              ; 0          ; 0    ; 0            ; |TinyCore8|ValuesRAM:inst|altsyncram:altsyncram_component                                                                                                 ; altsyncram          ; work         ;
;          |altsyncram_vqo1:auto_generated|   ; 0 (0)               ; 0 (0)                     ; 2048              ; 0          ; 0    ; 0            ; |TinyCore8|ValuesRAM:inst|altsyncram:altsyncram_component|altsyncram_vqo1:auto_generated                                                                  ; altsyncram_vqo1     ; work         ;
+---------------------------------------------+---------------------+---------------------------+-------------------+------------+------+--------------+-----------------------------------------------------------------------------------------------------------------------------------------------------------+---------------------+--------------+
Note: For table entries with two numbers listed, the numbers in parentheses indicate the number of resources of the given type used by the specific entity alone. The numbers listed outside of parentheses indicate the total resources of the given type used by the specific entity and all of its sub-entities in the hierarchy.


+------------------------------------------------------------------------------------------------------------------------------------------------------------------------------------------------------+
; Analysis & Synthesis RAM Summary                                                                                                                                                                     ;
+--------------------------------------------------------------------------------------------+------+-------------+--------------+--------------+--------------+--------------+------+-----------------+
; Name                                                                                       ; Type ; Mode        ; Port A Depth ; Port A Width ; Port B Depth ; Port B Width ; Size ; MIF             ;
+--------------------------------------------------------------------------------------------+------+-------------+--------------+--------------+--------------+--------------+------+-----------------+
; ProgramROM:inst2|altsyncram:altsyncram_component|altsyncram_2ng1:auto_generated|ALTSYNCRAM ; AUTO ; ROM         ; 256          ; 12           ; --           ; --           ; 3072 ; ProgramData.mif ;
; ValuesRAM:inst|altsyncram:altsyncram_component|altsyncram_vqo1:auto_generated|ALTSYNCRAM   ; AUTO ; Single Port ; 256          ; 8            ; --           ; --           ; 2048 ; ValuesData.mif  ;
+--------------------------------------------------------------------------------------------+------+-------------+--------------+--------------+--------------+--------------+------+-----------------+


+----------------------------------------------+
; Analysis & Synthesis DSP Block Usage Summary ;
+-------------------------------+--------------+
; Statistic                     ; Number Used  ;
+-------------------------------+--------------+
; Independent 9x9               ; 1            ;
; Total number of DSP blocks    ; 1            ;
;                               ;              ;
; Fixed Point Signed Multiplier ; 1            ;
+-------------------------------+--------------+


+---------------------------------------------------------------------------------------------------------------+
; Analysis & Synthesis IP Cores Summary                                                                         ;
+--------+--------------+---------+--------------+--------------+-----------------------------+-----------------+
; Vendor ; IP Core Name ; Version ; Release Date ; License Type ; Entity Instance             ; IP Include File ;
+--------+--------------+---------+--------------+--------------+-----------------------------+-----------------+
; Altera ; RAM: 1-PORT  ; 18.1    ; N/A          ; N/A          ; |TinyCore8|ValuesRAM:inst   ; ValuesRAM.v     ;
; Altera ; ROM: 1-PORT  ; 18.1    ; N/A          ; N/A          ; |TinyCore8|ProgramROM:inst2 ; ProgramROM.v    ;
+--------+--------------+---------+--------------+--------------+-----------------------------+-----------------+


Encoding Type:  One-Hot
+---------------------------------------------------------------------------------------------------------------------------------------------------------------------------------------------------------------+
; State Machine - |TinyCore8|ControlUnit:inst1|state                                                                                                                                                            ;
+------------+------------+------------+------------+------------+------------+------------+------------+------------+------------+------------+------------+------------+------------+------------+------------+
; Name       ; state.1110 ; state.1101 ; state.1100 ; state.1011 ; state.1010 ; state.1001 ; state.1000 ; state.0111 ; state.0110 ; state.0101 ; state.0100 ; state.0011 ; state.0010 ; state.0001 ; state.0000 ;
+------------+------------+------------+------------+------------+------------+------------+------------+------------+------------+------------+------------+------------+------------+------------+------------+
; state.0000 ; 0          ; 0          ; 0          ; 0          ; 0          ; 0          ; 0          ; 0          ; 0          ; 0          ; 0          ; 0          ; 0          ; 0          ; 0          ;
; state.0001 ; 0          ; 0          ; 0          ; 0          ; 0          ; 0          ; 0          ; 0          ; 0          ; 0          ; 0          ; 0          ; 0          ; 1          ; 1          ;
; state.0010 ; 0          ; 0          ; 0          ; 0          ; 0          ; 0          ; 0          ; 0          ; 0          ; 0          ; 0          ; 0          ; 1          ; 0          ; 1          ;
; state.0011 ; 0          ; 0          ; 0          ; 0          ; 0          ; 0          ; 0          ; 0          ; 0          ; 0          ; 0          ; 1          ; 0          ; 0          ; 1          ;
; state.0100 ; 0          ; 0          ; 0          ; 0          ; 0          ; 0          ; 0          ; 0          ; 0          ; 0          ; 1          ; 0          ; 0          ; 0          ; 1          ;
; state.0101 ; 0          ; 0          ; 0          ; 0          ; 0          ; 0          ; 0          ; 0          ; 0          ; 1          ; 0          ; 0          ; 0          ; 0          ; 1          ;
; state.0110 ; 0          ; 0          ; 0          ; 0          ; 0          ; 0          ; 0          ; 0          ; 1          ; 0          ; 0          ; 0          ; 0          ; 0          ; 1          ;
; state.0111 ; 0          ; 0          ; 0          ; 0          ; 0          ; 0          ; 0          ; 1          ; 0          ; 0          ; 0          ; 0          ; 0          ; 0          ; 1          ;
; state.1000 ; 0          ; 0          ; 0          ; 0          ; 0          ; 0          ; 1          ; 0          ; 0          ; 0          ; 0          ; 0          ; 0          ; 0          ; 1          ;
; state.1001 ; 0          ; 0          ; 0          ; 0          ; 0          ; 1          ; 0          ; 0          ; 0          ; 0          ; 0          ; 0          ; 0          ; 0          ; 1          ;
; state.1010 ; 0          ; 0          ; 0          ; 0          ; 1          ; 0          ; 0          ; 0          ; 0          ; 0          ; 0          ; 0          ; 0          ; 0          ; 1          ;
; state.1011 ; 0          ; 0          ; 0          ; 1          ; 0          ; 0          ; 0          ; 0          ; 0          ; 0          ; 0          ; 0          ; 0          ; 0          ; 1          ;
; state.1100 ; 0          ; 0          ; 1          ; 0          ; 0          ; 0          ; 0          ; 0          ; 0          ; 0          ; 0          ; 0          ; 0          ; 0          ; 1          ;
; state.1101 ; 0          ; 1          ; 0          ; 0          ; 0          ; 0          ; 0          ; 0          ; 0          ; 0          ; 0          ; 0          ; 0          ; 0          ; 1          ;
; state.1110 ; 1          ; 0          ; 0          ; 0          ; 0          ; 0          ; 0          ; 0          ; 0          ; 0          ; 0          ; 0          ; 0          ; 0          ; 1          ;
+------------+------------+------------+------------+------------+------------+------------+------------+------------+------------+------------+------------+------------+------------+------------+------------+


+------------------------------------------------------------+
; Registers Removed During Synthesis                         ;
+---------------------------------------+--------------------+
; Register name                         ; Reason for Removal ;
+---------------------------------------+--------------------+
; ControlUnit:inst1|state.0000          ; Lost fanout        ;
; ControlUnit:inst1|state~2             ; Lost fanout        ;
; ControlUnit:inst1|state~3             ; Lost fanout        ;
; ControlUnit:inst1|state~4             ; Lost fanout        ;
; ControlUnit:inst1|state~5             ; Lost fanout        ;
; Total Number of Removed Registers = 5 ;                    ;
+---------------------------------------+--------------------+


+------------------------------------------------------+
; General Register Statistics                          ;
+----------------------------------------------+-------+
; Statistic                                    ; Value ;
+----------------------------------------------+-------+
; Total registers                              ; 42    ;
; Number of registers using Synchronous Clear  ; 24    ;
; Number of registers using Synchronous Load   ; 24    ;
; Number of registers using Asynchronous Clear ; 0     ;
; Number of registers using Asynchronous Load  ; 0     ;
; Number of registers using Clock Enable       ; 28    ;
; Number of registers using Preset             ; 0     ;
+----------------------------------------------+-------+


+--------------------------------------------------------------------------------------------------------------------------------------------------------------------------------------+
; Multiplexer Restructuring Statistics (Restructuring Performed)                                                                                                                       ;
+--------------------+-----------+---------------+----------------------+------------------------+------------+------------------------------------------------------------------------+
; Multiplexer Inputs ; Bus Width ; Baseline Area ; Area if Restructured ; Saving if Restructured ; Registered ; Example Multiplexer Output                                             ;
+--------------------+-----------+---------------+----------------------+------------------------+------------+------------------------------------------------------------------------+
; 3:1                ; 4 bits    ; 8 LEs         ; 4 LEs                ; 4 LEs                  ; Yes        ; |TinyCore8|ControlUnit:inst1|instructionRegister[1]                    ;
; 4:1                ; 8 bits    ; 16 LEs        ; 0 LEs                ; 16 LEs                 ; Yes        ; |TinyCore8|Datapath:datapathInst|ProgramCounter:pcInst|pcReg[3]        ;
; 4:1                ; 8 bits    ; 16 LEs        ; 0 LEs                ; 16 LEs                 ; Yes        ; |TinyCore8|Datapath:datapathInst|RegisterBank:regBankInst|registerA[5] ;
; 4:1                ; 8 bits    ; 16 LEs        ; 0 LEs                ; 16 LEs                 ; Yes        ; |TinyCore8|Datapath:datapathInst|RegisterBank:regBankInst|registerB[7] ;
; 3:1                ; 8 bits    ; 16 LEs        ; 16 LEs               ; 0 LEs                  ; No         ; |TinyCore8|ControlUnit:inst1|state                                     ;
; 4:1                ; 8 bits    ; 16 LEs        ; 16 LEs               ; 0 LEs                  ; No         ; |TinyCore8|Datapath:datapathInst|Mux1                                  ;
; 12:1               ; 7 bits    ; 56 LEs        ; 56 LEs               ; 0 LEs                  ; No         ; |TinyCore8|Datapath:datapathInst|ArithmeticLogicUnit:aluInst|Mux0      ;
+--------------------+-----------+---------------+----------------------+------------------------+------------+------------------------------------------------------------------------+


+--------------------------------------------------------------------------------------------------------+
; Source assignments for ProgramROM:inst2|altsyncram:altsyncram_component|altsyncram_2ng1:auto_generated ;
+---------------------------------+--------------------+------+------------------------------------------+
; Assignment                      ; Value              ; From ; To                                       ;
+---------------------------------+--------------------+------+------------------------------------------+
; OPTIMIZE_POWER_DURING_SYNTHESIS ; NORMAL_COMPILATION ; -    ; -                                        ;
+---------------------------------+--------------------+------+------------------------------------------+


+------------------------------------------------------------------------------------------------------+
; Source assignments for ValuesRAM:inst|altsyncram:altsyncram_component|altsyncram_vqo1:auto_generated ;
+---------------------------------+--------------------+------+----------------------------------------+
; Assignment                      ; Value              ; From ; To                                     ;
+---------------------------------+--------------------+------+----------------------------------------+
; OPTIMIZE_POWER_DURING_SYNTHESIS ; NORMAL_COMPILATION ; -    ; -                                      ;
+---------------------------------+--------------------+------+----------------------------------------+


+-----------------------------------------------------------------------------------------------+
; Parameter Settings for User Entity Instance: ProgramROM:inst2|altsyncram:altsyncram_component ;
+------------------------------------+----------------------+-----------------------------------+
; Parameter Name                     ; Value                ; Type                              ;
+------------------------------------+----------------------+-----------------------------------+
; BYTE_SIZE_BLOCK                    ; 8                    ; Untyped                           ;
; AUTO_CARRY_CHAINS                  ; ON                   ; AUTO_CARRY                        ;
; IGNORE_CARRY_BUFFERS               ; OFF                  ; IGNORE_CARRY                      ;
; AUTO_CASCADE_CHAINS                ; ON                   ; AUTO_CASCADE                      ;
; IGNORE_CASCADE_BUFFERS             ; OFF                  ; IGNORE_CASCADE                    ;
; WIDTH_BYTEENA                      ; 1                    ; Untyped                           ;
; OPERATION_MODE                     ; ROM                  ; Untyped                           ;
; WIDTH_A                            ; 12                   ; Signed Integer                    ;
; WIDTHAD_A                          ; 8                    ; Signed Integer                    ;
; NUMWORDS_A                         ; 256                  ; Signed Integer                    ;
; OUTDATA_REG_A                      ; UNREGISTERED         ; Untyped                           ;
; ADDRESS_ACLR_A                     ; NONE                 ; Untyped                           ;
; OUTDATA_ACLR_A                     ; NONE                 ; Untyped                           ;
; WRCONTROL_ACLR_A                   ; NONE                 ; Untyped                           ;
; INDATA_ACLR_A                      ; NONE                 ; Untyped                           ;
; BYTEENA_ACLR_A                     ; NONE                 ; Untyped                           ;
; WIDTH_B                            ; 1                    ; Untyped                           ;
; WIDTHAD_B                          ; 1                    ; Untyped                           ;
; NUMWORDS_B                         ; 1                    ; Untyped                           ;
; INDATA_REG_B                       ; CLOCK1               ; Untyped                           ;
; WRCONTROL_WRADDRESS_REG_B          ; CLOCK1               ; Untyped                           ;
; RDCONTROL_REG_B                    ; CLOCK1               ; Untyped                           ;
; ADDRESS_REG_B                      ; CLOCK1               ; Untyped                           ;
; OUTDATA_REG_B                      ; UNREGISTERED         ; Untyped                           ;
; BYTEENA_REG_B                      ; CLOCK1               ; Untyped                           ;
; INDATA_ACLR_B                      ; NONE                 ; Untyped                           ;
; WRCONTROL_ACLR_B                   ; NONE                 ; Untyped                           ;
; ADDRESS_ACLR_B                     ; NONE                 ; Untyped                           ;
; OUTDATA_ACLR_B                     ; NONE                 ; Untyped                           ;
; RDCONTROL_ACLR_B                   ; NONE                 ; Untyped                           ;
; BYTEENA_ACLR_B                     ; NONE                 ; Untyped                           ;
; WIDTH_BYTEENA_A                    ; 1                    ; Signed Integer                    ;
; WIDTH_BYTEENA_B                    ; 1                    ; Untyped                           ;
; RAM_BLOCK_TYPE                     ; AUTO                 ; Untyped                           ;
; BYTE_SIZE                          ; 8                    ; Untyped                           ;
; READ_DURING_WRITE_MODE_MIXED_PORTS ; DONT_CARE            ; Untyped                           ;
; READ_DURING_WRITE_MODE_PORT_A      ; NEW_DATA_NO_NBE_READ ; Untyped                           ;
; READ_DURING_WRITE_MODE_PORT_B      ; NEW_DATA_NO_NBE_READ ; Untyped                           ;
; INIT_FILE                          ; ProgramData.mif      ; Untyped                           ;
; INIT_FILE_LAYOUT                   ; PORT_A               ; Untyped                           ;
; MAXIMUM_DEPTH                      ; 0                    ; Untyped                           ;
; CLOCK_ENABLE_INPUT_A               ; BYPASS               ; Untyped                           ;
; CLOCK_ENABLE_INPUT_B               ; NORMAL               ; Untyped                           ;
; CLOCK_ENABLE_OUTPUT_A              ; BYPASS               ; Untyped                           ;
; CLOCK_ENABLE_OUTPUT_B              ; NORMAL               ; Untyped                           ;
; CLOCK_ENABLE_CORE_A                ; USE_INPUT_CLKEN      ; Untyped                           ;
; CLOCK_ENABLE_CORE_B                ; USE_INPUT_CLKEN      ; Untyped                           ;
; ENABLE_ECC                         ; FALSE                ; Untyped                           ;
; ECC_PIPELINE_STAGE_ENABLED         ; FALSE                ; Untyped                           ;
; WIDTH_ECCSTATUS                    ; 3                    ; Untyped                           ;
; DEVICE_FAMILY                      ; Cyclone V            ; Untyped                           ;
; CBXI_PARAMETER                     ; altsyncram_2ng1      ; Untyped                           ;
+------------------------------------+----------------------+-----------------------------------+
Note: In order to hide this table in the UI and the text report file, please set the "Show Parameter Settings in Synthesis Report" option in "Analysis and Synthesis Settings -> More Settings" to "Off".


+---------------------------------------------------------------------------------------------+
; Parameter Settings for User Entity Instance: ValuesRAM:inst|altsyncram:altsyncram_component ;
+------------------------------------+----------------------+---------------------------------+
; Parameter Name                     ; Value                ; Type                            ;
+------------------------------------+----------------------+---------------------------------+
; BYTE_SIZE_BLOCK                    ; 8                    ; Untyped                         ;
; AUTO_CARRY_CHAINS                  ; ON                   ; AUTO_CARRY                      ;
; IGNORE_CARRY_BUFFERS               ; OFF                  ; IGNORE_CARRY                    ;
; AUTO_CASCADE_CHAINS                ; ON                   ; AUTO_CASCADE                    ;
; IGNORE_CASCADE_BUFFERS             ; OFF                  ; IGNORE_CASCADE                  ;
; WIDTH_BYTEENA                      ; 1                    ; Untyped                         ;
; OPERATION_MODE                     ; SINGLE_PORT          ; Untyped                         ;
; WIDTH_A                            ; 8                    ; Signed Integer                  ;
; WIDTHAD_A                          ; 8                    ; Signed Integer                  ;
; NUMWORDS_A                         ; 256                  ; Signed Integer                  ;
; OUTDATA_REG_A                      ; UNREGISTERED         ; Untyped                         ;
; ADDRESS_ACLR_A                     ; NONE                 ; Untyped                         ;
; OUTDATA_ACLR_A                     ; NONE                 ; Untyped                         ;
; WRCONTROL_ACLR_A                   ; NONE                 ; Untyped                         ;
; INDATA_ACLR_A                      ; NONE                 ; Untyped                         ;
; BYTEENA_ACLR_A                     ; NONE                 ; Untyped                         ;
; WIDTH_B                            ; 1                    ; Untyped                         ;
; WIDTHAD_B                          ; 1                    ; Untyped                         ;
; NUMWORDS_B                         ; 1                    ; Untyped                         ;
; INDATA_REG_B                       ; CLOCK1               ; Untyped                         ;
; WRCONTROL_WRADDRESS_REG_B          ; CLOCK1               ; Untyped                         ;
; RDCONTROL_REG_B                    ; CLOCK1               ; Untyped                         ;
; ADDRESS_REG_B                      ; CLOCK1               ; Untyped                         ;
; OUTDATA_REG_B                      ; UNREGISTERED         ; Untyped                         ;
; BYTEENA_REG_B                      ; CLOCK1               ; Untyped                         ;
; INDATA_ACLR_B                      ; NONE                 ; Untyped                         ;
; WRCONTROL_ACLR_B                   ; NONE                 ; Untyped                         ;
; ADDRESS_ACLR_B                     ; NONE                 ; Untyped                         ;
; OUTDATA_ACLR_B                     ; NONE                 ; Untyped                         ;
; RDCONTROL_ACLR_B                   ; NONE                 ; Untyped                         ;
; BYTEENA_ACLR_B                     ; NONE                 ; Untyped                         ;
; WIDTH_BYTEENA_A                    ; 1                    ; Signed Integer                  ;
; WIDTH_BYTEENA_B                    ; 1                    ; Untyped                         ;
; RAM_BLOCK_TYPE                     ; AUTO                 ; Untyped                         ;
; BYTE_SIZE                          ; 8                    ; Untyped                         ;
; READ_DURING_WRITE_MODE_MIXED_PORTS ; DONT_CARE            ; Untyped                         ;
; READ_DURING_WRITE_MODE_PORT_A      ; NEW_DATA_NO_NBE_READ ; Untyped                         ;
; READ_DURING_WRITE_MODE_PORT_B      ; NEW_DATA_NO_NBE_READ ; Untyped                         ;
; INIT_FILE                          ; ValuesData.mif       ; Untyped                         ;
; INIT_FILE_LAYOUT                   ; PORT_A               ; Untyped                         ;
; MAXIMUM_DEPTH                      ; 0                    ; Untyped                         ;
; CLOCK_ENABLE_INPUT_A               ; BYPASS               ; Untyped                         ;
; CLOCK_ENABLE_INPUT_B               ; NORMAL               ; Untyped                         ;
; CLOCK_ENABLE_OUTPUT_A              ; BYPASS               ; Untyped                         ;
; CLOCK_ENABLE_OUTPUT_B              ; NORMAL               ; Untyped                         ;
; CLOCK_ENABLE_CORE_A                ; USE_INPUT_CLKEN      ; Untyped                         ;
; CLOCK_ENABLE_CORE_B                ; USE_INPUT_CLKEN      ; Untyped                         ;
; ENABLE_ECC                         ; FALSE                ; Untyped                         ;
; ECC_PIPELINE_STAGE_ENABLED         ; FALSE                ; Untyped                         ;
; WIDTH_ECCSTATUS                    ; 3                    ; Untyped                         ;
; DEVICE_FAMILY                      ; Cyclone V            ; Untyped                         ;
; CBXI_PARAMETER                     ; altsyncram_vqo1      ; Untyped                         ;
+------------------------------------+----------------------+---------------------------------+
Note: In order to hide this table in the UI and the text report file, please set the "Show Parameter Settings in Synthesis Report" option in "Analysis and Synthesis Settings -> More Settings" to "Off".


+--------------------------------------------------------------------------------------------------------------------+
; Parameter Settings for Inferred Entity Instance: Datapath:datapathInst|ArithmeticLogicUnit:aluInst|lpm_divide:Div0 ;
+------------------------+----------------+--------------------------------------------------------------------------+
; Parameter Name         ; Value          ; Type                                                                     ;
+------------------------+----------------+--------------------------------------------------------------------------+
; LPM_WIDTHN             ; 8              ; Untyped                                                                  ;
; LPM_WIDTHD             ; 8              ; Untyped                                                                  ;
; LPM_NREPRESENTATION    ; SIGNED         ; Untyped                                                                  ;
; LPM_DREPRESENTATION    ; SIGNED         ; Untyped                                                                  ;
; LPM_PIPELINE           ; 0              ; Untyped                                                                  ;
; LPM_REMAINDERPOSITIVE  ; FALSE          ; Untyped                                                                  ;
; MAXIMIZE_SPEED         ; 5              ; Untyped                                                                  ;
; CBXI_PARAMETER         ; lpm_divide_1oo ; Untyped                                                                  ;
; CARRY_CHAIN            ; MANUAL         ; Untyped                                                                  ;
; OPTIMIZE_FOR_SPEED     ; 5              ; Untyped                                                                  ;
; AUTO_CARRY_CHAINS      ; ON             ; AUTO_CARRY                                                               ;
; IGNORE_CARRY_BUFFERS   ; OFF            ; IGNORE_CARRY                                                             ;
; AUTO_CASCADE_CHAINS    ; ON             ; AUTO_CASCADE                                                             ;
; IGNORE_CASCADE_BUFFERS ; OFF            ; IGNORE_CASCADE                                                           ;
+------------------------+----------------+--------------------------------------------------------------------------+
Note: In order to hide this table in the UI and the text report file, please set the "Show Parameter Settings in Synthesis Report" option in "Analysis and Synthesis Settings -> More Settings" to "Off".


+----------------------------------------------------------------------------------------------+
; altsyncram Parameter Settings by Entity Instance                                             ;
+-------------------------------------------+--------------------------------------------------+
; Name                                      ; Value                                            ;
+-------------------------------------------+--------------------------------------------------+
; Number of entity instances                ; 2                                                ;
; Entity Instance                           ; ProgramROM:inst2|altsyncram:altsyncram_component ;
;     -- OPERATION_MODE                     ; ROM                                              ;
;     -- WIDTH_A                            ; 12                                               ;
;     -- NUMWORDS_A                         ; 256                                              ;
;     -- OUTDATA_REG_A                      ; UNREGISTERED                                     ;
;     -- WIDTH_B                            ; 1                                                ;
;     -- NUMWORDS_B                         ; 1                                                ;
;     -- ADDRESS_REG_B                      ; CLOCK1                                           ;
;     -- OUTDATA_REG_B                      ; UNREGISTERED                                     ;
;     -- RAM_BLOCK_TYPE                     ; AUTO                                             ;
;     -- READ_DURING_WRITE_MODE_MIXED_PORTS ; DONT_CARE                                        ;
; Entity Instance                           ; ValuesRAM:inst|altsyncram:altsyncram_component   ;
;     -- OPERATION_MODE                     ; SINGLE_PORT                                      ;
;     -- WIDTH_A                            ; 8                                                ;
;     -- NUMWORDS_A                         ; 256                                              ;
;     -- OUTDATA_REG_A                      ; UNREGISTERED                                     ;
;     -- WIDTH_B                            ; 1                                                ;
;     -- NUMWORDS_B                         ; 1                                                ;
;     -- ADDRESS_REG_B                      ; CLOCK1                                           ;
;     -- OUTDATA_REG_B                      ; UNREGISTERED                                     ;
;     -- RAM_BLOCK_TYPE                     ; AUTO                                             ;
;     -- READ_DURING_WRITE_MODE_MIXED_PORTS ; DONT_CARE                                        ;
+-------------------------------------------+--------------------------------------------------+


+----------------------------------------------------------------------------------------------------------------+
; Port Connectivity Checks: "Datapath:datapathInst|ArithmeticLogicUnit:aluInst"                                  ;
+------+--------+----------+-------------------------------------------------------------------------------------+
; Port ; Type   ; Severity ; Details                                                                             ;
+------+--------+----------+-------------------------------------------------------------------------------------+
; cout ; Output ; Info     ; Connected to dangling logic. Logic that only feeds a dangling port will be removed. ;
+------+--------+----------+-------------------------------------------------------------------------------------+


+-----------------------------------------------------+
; Post-Synthesis Netlist Statistics for Top Partition ;
+-----------------------+-----------------------------+
; Type                  ; Count                       ;
+-----------------------+-----------------------------+
; arriav_ff             ; 42                          ;
;     ENA               ; 4                           ;
;     ENA SCLR SLD      ; 24                          ;
;     plain             ; 14                          ;
; arriav_lcell_comb     ; 245                         ;
;     arith             ; 89                          ;
;         0 data inputs ; 13                          ;
;         1 data inputs ; 9                           ;
;         2 data inputs ; 13                          ;
;         3 data inputs ; 4                           ;
;         4 data inputs ; 25                          ;
;         5 data inputs ; 25                          ;
;     normal            ; 147                         ;
;         2 data inputs ; 20                          ;
;         3 data inputs ; 22                          ;
;         4 data inputs ; 45                          ;
;         5 data inputs ; 34                          ;
;         6 data inputs ; 26                          ;
;     shared            ; 9                           ;
;         0 data inputs ; 3                           ;
;         2 data inputs ; 3                           ;
;         4 data inputs ; 3                           ;
; arriav_mac            ; 1                           ;
; boundary_port         ; 18                          ;
; stratixv_ram_block    ; 20                          ;
;                       ;                             ;
; Max LUT depth         ; 20.90                       ;
; Average LUT depth     ; 12.21                       ;
+-----------------------+-----------------------------+


+-------------------------------+
; Elapsed Time Per Partition    ;
+----------------+--------------+
; Partition Name ; Elapsed Time ;
+----------------+--------------+
; Top            ; 00:00:00     ;
+----------------+--------------+


+-------------------------------+
; Analysis & Synthesis Messages ;
+-------------------------------+
Info: *******************************************************************
Info: Running Quartus Prime Analysis & Synthesis
    Info: Version 18.1.0 Build 625 09/12/2018 SJ Lite Edition
    Info: Processing started: Wed Nov 19 12:11:47 2025
Info: Command: quartus_map --read_settings_files=on --write_settings_files=off TinyCore8 -c TinyCore8
Warning (18236): Number of processors has not been specified which may cause overloading on shared machines.  Set the global assignment NUM_PARALLEL_PROCESSORS in your QSF to an appropriate value for best performance.
Info (20030): Parallel compilation is enabled and will use 16 of the 16 processors detected
Info (12021): Found 1 design units, including 1 entities, in source file registerbank.v
    Info (12023): Found entity 1: RegisterBank File: C:/Users/david/Bancada/Processos Seletivos/cepedi/PROJETOS/PROJETO FINAL/TinyCore8/RegisterBank.v Line: 1
Info (12021): Found 1 design units, including 1 entities, in source file programcounter.v
    Info (12023): Found entity 1: ProgramCounter File: C:/Users/david/Bancada/Processos Seletivos/cepedi/PROJETOS/PROJETO FINAL/TinyCore8/ProgramCounter.v Line: 1
Info (12021): Found 0 design units, including 0 entities, in source file definitions.v
Info (12021): Found 1 design units, including 1 entities, in source file arithmeticlogicunit.v
    Info (12023): Found entity 1: ArithmeticLogicUnit File: C:/Users/david/Bancada/Processos Seletivos/cepedi/PROJETOS/PROJETO FINAL/TinyCore8/ArithmeticLogicUnit.v Line: 1
Info (12021): Found 1 design units, including 1 entities, in source file datapath.v
    Info (12023): Found entity 1: Datapath File: C:/Users/david/Bancada/Processos Seletivos/cepedi/PROJETOS/PROJETO FINAL/TinyCore8/Datapath.v Line: 1
Info (12021): Found 1 design units, including 1 entities, in source file controlunit.v
    Info (12023): Found entity 1: ControlUnit File: C:/Users/david/Bancada/Processos Seletivos/cepedi/PROJETOS/PROJETO FINAL/TinyCore8/ControlUnit.v Line: 3
Info (12021): Found 1 design units, including 1 entities, in source file tinycore8.bdf
    Info (12023): Found entity 1: TinyCore8
Info (12021): Found 1 design units, including 1 entities, in source file tinycore8tb.v
    Info (12023): Found entity 1: TinyCore8TB File: C:/Users/david/Bancada/Processos Seletivos/cepedi/PROJETOS/PROJETO FINAL/TinyCore8/TinyCore8TB.v Line: 3
Info (12021): Found 1 design units, including 1 entities, in source file valuesram.v
    Info (12023): Found entity 1: ValuesRAM File: C:/Users/david/Bancada/Processos Seletivos/cepedi/PROJETOS/PROJETO FINAL/TinyCore8/ValuesRAM.v Line: 39
Info (12021): Found 1 design units, including 1 entities, in source file programrom.v
    Info (12023): Found entity 1: ProgramROM File: C:/Users/david/Bancada/Processos Seletivos/cepedi/PROJETOS/PROJETO FINAL/TinyCore8/ProgramROM.v Line: 39
Info (12127): Elaborating entity "TinyCore8" for the top level hierarchy
Info (12128): Elaborating entity "Datapath" for hierarchy "Datapath:datapathInst"
Info (12128): Elaborating entity "ProgramCounter" for hierarchy "Datapath:datapathInst|ProgramCounter:pcInst" File: C:/Users/david/Bancada/Processos Seletivos/cepedi/PROJETOS/PROJETO FINAL/TinyCore8/Datapath.v Line: 85
Warning (10230): Verilog HDL assignment warning at ProgramCounter.v(28): truncated value with size 32 to match size of target (8) File: C:/Users/david/Bancada/Processos Seletivos/cepedi/PROJETOS/PROJETO FINAL/TinyCore8/ProgramCounter.v Line: 28
Info (12128): Elaborating entity "RegisterBank" for hierarchy "Datapath:datapathInst|RegisterBank:regBankInst" File: C:/Users/david/Bancada/Processos Seletivos/cepedi/PROJETOS/PROJETO FINAL/TinyCore8/Datapath.v Line: 96
Info (12128): Elaborating entity "ArithmeticLogicUnit" for hierarchy "Datapath:datapathInst|ArithmeticLogicUnit:aluInst" File: C:/Users/david/Bancada/Processos Seletivos/cepedi/PROJETOS/PROJETO FINAL/TinyCore8/Datapath.v Line: 104
Info (12128): Elaborating entity "ControlUnit" for hierarchy "ControlUnit:inst1"
Info (12128): Elaborating entity "ProgramROM" for hierarchy "ProgramROM:inst2"
Info (12128): Elaborating entity "altsyncram" for hierarchy "ProgramROM:inst2|altsyncram:altsyncram_component" File: C:/Users/david/Bancada/Processos Seletivos/cepedi/PROJETOS/PROJETO FINAL/TinyCore8/ProgramROM.v Line: 81
Info (12130): Elaborated megafunction instantiation "ProgramROM:inst2|altsyncram:altsyncram_component" File: C:/Users/david/Bancada/Processos Seletivos/cepedi/PROJETOS/PROJETO FINAL/TinyCore8/ProgramROM.v Line: 81
Info (12133): Instantiated megafunction "ProgramROM:inst2|altsyncram:altsyncram_component" with the following parameter: File: C:/Users/david/Bancada/Processos Seletivos/cepedi/PROJETOS/PROJETO FINAL/TinyCore8/ProgramROM.v Line: 81
    Info (12134): Parameter "address_aclr_a" = "NONE"
    Info (12134): Parameter "clock_enable_input_a" = "BYPASS"
    Info (12134): Parameter "clock_enable_output_a" = "BYPASS"
    Info (12134): Parameter "init_file" = "ProgramData.mif"
    Info (12134): Parameter "intended_device_family" = "Cyclone V"
    Info (12134): Parameter "lpm_hint" = "ENABLE_RUNTIME_MOD=NO"
    Info (12134): Parameter "lpm_type" = "altsyncram"
    Info (12134): Parameter "numwords_a" = "256"
    Info (12134): Parameter "operation_mode" = "ROM"
    Info (12134): Parameter "outdata_aclr_a" = "NONE"
    Info (12134): Parameter "outdata_reg_a" = "UNREGISTERED"
    Info (12134): Parameter "widthad_a" = "8"
    Info (12134): Parameter "width_a" = "12"
    Info (12134): Parameter "width_byteena_a" = "1"
Info (12021): Found 1 design units, including 1 entities, in source file db/altsyncram_2ng1.tdf
    Info (12023): Found entity 1: altsyncram_2ng1 File: C:/Users/david/Bancada/Processos Seletivos/cepedi/PROJETOS/PROJETO FINAL/TinyCore8/db/altsyncram_2ng1.tdf Line: 27
Info (12128): Elaborating entity "altsyncram_2ng1" for hierarchy "ProgramROM:inst2|altsyncram:altsyncram_component|altsyncram_2ng1:auto_generated" File: c:/intelfpga_lite/18.1/quartus/libraries/megafunctions/altsyncram.tdf Line: 791
Info (12128): Elaborating entity "ValuesRAM" for hierarchy "ValuesRAM:inst"
Info (12128): Elaborating entity "altsyncram" for hierarchy "ValuesRAM:inst|altsyncram:altsyncram_component" File: C:/Users/david/Bancada/Processos Seletivos/cepedi/PROJETOS/PROJETO FINAL/TinyCore8/ValuesRAM.v Line: 85
Info (12130): Elaborated megafunction instantiation "ValuesRAM:inst|altsyncram:altsyncram_component" File: C:/Users/david/Bancada/Processos Seletivos/cepedi/PROJETOS/PROJETO FINAL/TinyCore8/ValuesRAM.v Line: 85
Info (12133): Instantiated megafunction "ValuesRAM:inst|altsyncram:altsyncram_component" with the following parameter: File: C:/Users/david/Bancada/Processos Seletivos/cepedi/PROJETOS/PROJETO FINAL/TinyCore8/ValuesRAM.v Line: 85
    Info (12134): Parameter "clock_enable_input_a" = "BYPASS"
    Info (12134): Parameter "clock_enable_output_a" = "BYPASS"
    Info (12134): Parameter "init_file" = "ValuesData.mif"
    Info (12134): Parameter "intended_device_family" = "Cyclone V"
    Info (12134): Parameter "lpm_hint" = "ENABLE_RUNTIME_MOD=NO"
    Info (12134): Parameter "lpm_type" = "altsyncram"
    Info (12134): Parameter "numwords_a" = "256"
    Info (12134): Parameter "operation_mode" = "SINGLE_PORT"
    Info (12134): Parameter "outdata_aclr_a" = "NONE"
    Info (12134): Parameter "outdata_reg_a" = "UNREGISTERED"
    Info (12134): Parameter "power_up_uninitialized" = "FALSE"
    Info (12134): Parameter "read_during_write_mode_port_a" = "NEW_DATA_NO_NBE_READ"
    Info (12134): Parameter "widthad_a" = "8"
    Info (12134): Parameter "width_a" = "8"
    Info (12134): Parameter "width_byteena_a" = "1"
Info (12021): Found 1 design units, including 1 entities, in source file db/altsyncram_vqo1.tdf
    Info (12023): Found entity 1: altsyncram_vqo1 File: C:/Users/david/Bancada/Processos Seletivos/cepedi/PROJETOS/PROJETO FINAL/TinyCore8/db/altsyncram_vqo1.tdf Line: 27
Info (12128): Elaborating entity "altsyncram_vqo1" for hierarchy "ValuesRAM:inst|altsyncram:altsyncram_component|altsyncram_vqo1:auto_generated" File: c:/intelfpga_lite/18.1/quartus/libraries/megafunctions/altsyncram.tdf Line: 791
Info (278001): Inferred 1 megafunctions from design logic
    Info (278004): Inferred divider/modulo megafunction ("lpm_divide") from the following logic: "Datapath:datapathInst|ArithmeticLogicUnit:aluInst|Div0" File: C:/Users/david/Bancada/Processos Seletivos/cepedi/PROJETOS/PROJETO FINAL/TinyCore8/ArithmeticLogicUnit.v Line: 36
Info (12130): Elaborated megafunction instantiation "Datapath:datapathInst|ArithmeticLogicUnit:aluInst|lpm_divide:Div0" File: C:/Users/david/Bancada/Processos Seletivos/cepedi/PROJETOS/PROJETO FINAL/TinyCore8/ArithmeticLogicUnit.v Line: 36
Info (12133): Instantiated megafunction "Datapath:datapathInst|ArithmeticLogicUnit:aluInst|lpm_divide:Div0" with the following parameter: File: C:/Users/david/Bancada/Processos Seletivos/cepedi/PROJETOS/PROJETO FINAL/TinyCore8/ArithmeticLogicUnit.v Line: 36
    Info (12134): Parameter "LPM_WIDTHN" = "8"
    Info (12134): Parameter "LPM_WIDTHD" = "8"
    Info (12134): Parameter "LPM_NREPRESENTATION" = "SIGNED"
    Info (12134): Parameter "LPM_DREPRESENTATION" = "SIGNED"
    Info (12134): Parameter "LPM_HINT" = "LPM_REMAINDERPOSITIVE=FALSE"
Info (12021): Found 1 design units, including 1 entities, in source file db/lpm_divide_1oo.tdf
    Info (12023): Found entity 1: lpm_divide_1oo File: C:/Users/david/Bancada/Processos Seletivos/cepedi/PROJETOS/PROJETO FINAL/TinyCore8/db/lpm_divide_1oo.tdf Line: 24
Info (12021): Found 1 design units, including 1 entities, in source file db/abs_divider_aag.tdf
    Info (12023): Found entity 1: abs_divider_aag File: C:/Users/david/Bancada/Processos Seletivos/cepedi/PROJETOS/PROJETO FINAL/TinyCore8/db/abs_divider_aag.tdf Line: 26
Info (12021): Found 1 design units, including 1 entities, in source file db/alt_u_div_4te.tdf
    Info (12023): Found entity 1: alt_u_div_4te File: C:/Users/david/Bancada/Processos Seletivos/cepedi/PROJETOS/PROJETO FINAL/TinyCore8/db/alt_u_div_4te.tdf Line: 22
Info (12021): Found 1 design units, including 1 entities, in source file db/lpm_abs_nn9.tdf
    Info (12023): Found entity 1: lpm_abs_nn9 File: C:/Users/david/Bancada/Processos Seletivos/cepedi/PROJETOS/PROJETO FINAL/TinyCore8/db/lpm_abs_nn9.tdf Line: 22
Info (286030): Timing-Driven Synthesis is running
Info (17049): 5 registers lost all their fanouts during netlist optimizations.
Info (16010): Generating hard_block partition "hard_block:auto_generated_inst"
    Info (16011): Adding 0 node(s), including 0 DDIO, 0 PLL, 0 transceiver and 0 LCELL
Info (21057): Implemented 300 device resources after synthesis - the final resource count might be different
    Info (21058): Implemented 2 input pins
    Info (21059): Implemented 16 output pins
    Info (21061): Implemented 261 logic cells
    Info (21064): Implemented 20 RAM segments
    Info (21062): Implemented 1 DSP elements
Info: Quartus Prime Analysis & Synthesis was successful. 0 errors, 2 warnings
    Info: Peak virtual memory: 4905 megabytes
    Info: Processing ended: Wed Nov 19 12:12:06 2025
    Info: Elapsed time: 00:00:19
    Info: Total CPU time (on all processors): 00:00:06


